<?xml version="1.0" encoding="utf-8"?><testsuites name="pytest tests"><testsuite name="pytest" errors="0" failures="0" skipped="0" tests="16" time="2.438" timestamp="2026-03-20T12:50:13.372642+00:00" hostname="agent-env-df95d532-3c6d-47c4-aaa0-477b1ab169f7"><testcase classname="backend.tests.test_tradetrack_api.TestHealth" name="test_health_check" time="0.165" /><testcase classname="backend.tests.test_tradetrack_api.TestCryptoAPI" name="test_get_crypto_data" time="0.304" /><testcase classname="backend.tests.test_tradetrack_api.TestCryptoAPI" name="test_crypto_data_structure" time="0.181" /><testcase classname="backend.tests.test_tradetrack_api.TestCryptoAPI" name="test_crypto_search" time="0.174" /><testcase classname="backend.tests.test_tradetrack_api.TestStockAPI" name="test_get_stock_data" time="0.130" /><testcase classname="backend.tests.test_tradetrack_api.TestStockAPI" name="test_stock_companies" time="0.104" /><testcase classname="backend.tests.test_tradetrack_api.TestCommodityAPI" name="test_get_commodity_data" time="0.122" /><testcase classname="backend.tests.test_tradetrack_api.TestCommodityAPI" name="test_commodity_types" time="0.102" /><testcase classname="backend.tests.test_tradetrack_api.TestAIQnACategories" name="test_get_qna_categories" time="0.110" /><testcase classname="backend.tests.test_tradetrack_api.TestAIQnACategories" name="test_category_structure" time="0.166" /><testcase classname="backend.tests.test_tradetrack_api.TestAuthEndpoints" name="test_phone_signup_sends_otp" time="0.161" /><testcase classname="backend.tests.test_tradetrack_api.TestAuthEndpoints" name="test_email_signup_sends_otp" time="0.109" /><testcase classname="backend.tests.test_tradetrack_api.TestAuthEndpoints" name="test_otp_verify_invalid_otp" time="0.110" /><testcase classname="backend.tests.test_tradetrack_api.TestAuthEndpoints" name="test_logout_endpoint" time="0.104" /><testcase classname="backend.tests.test_tradetrack_api.TestAuthEndpoints" name="test_auth_me_requires_token" time="0.105" /><testcase classname="backend.tests.test_tradetrack_api.TestRootEndpoint" name="test_api_root" time="0.102" /></testsuite></testsuites>